<?xml version="1.0" encoding="UTF-8"?>
<testsuite xmlns:xsi="http://www.w3.org/2001/XMLSchema-instance" xsi:noNamespaceSchemaLocation="https://maven.apache.org/surefire/maven-surefire-plugin/xsd/surefire-test-report.xsd" name="org.mps.deque.DoublyLinkedListDequeTest" time="0.102" tests="28" errors="0" skipped="0" failures="0">
  <properties>
    <property name="java.specification.version" value="17"/>
    <property name="sun.cpu.isalist" value="amd64"/>
    <property name="sun.jnu.encoding" value="Cp1252"/>
    <property name="java.class.path" value="C:\Users\alberto\Desktop\mantenimientoTry\ColaDoble\target\test-classes;C:\Users\alberto\Desktop\mantenimientoTry\ColaDoble\target\classes;C:\Users\alberto\.m2\repository\org\junit\jupiter\junit-jupiter-engine\5.9.2\junit-jupiter-engine-5.9.2.jar;C:\Users\alberto\.m2\repository\org\junit\platform\junit-platform-engine\1.9.2\junit-platform-engine-1.9.2.jar;C:\Users\alberto\.m2\repository\org\opentest4j\opentest4j\1.2.0\opentest4j-1.2.0.jar;C:\Users\alberto\.m2\repository\org\junit\platform\junit-platform-commons\1.9.2\junit-platform-commons-1.9.2.jar;C:\Users\alberto\.m2\repository\org\junit\jupiter\junit-jupiter-api\5.9.2\junit-jupiter-api-5.9.2.jar;C:\Users\alberto\.m2\repository\org\apiguardian\apiguardian-api\1.1.2\apiguardian-api-1.1.2.jar;"/>
    <property name="java.vm.vendor" value="Oracle Corporation"/>
    <property name="sun.arch.data.model" value="64"/>
    <property name="user.variant" value=""/>
    <property name="java.vendor.url" value="https://java.oracle.com/"/>
    <property name="user.timezone" value="Europe/Madrid"/>
    <property name="os.name" value="Windows 10"/>
    <property name="java.vm.specification.version" value="17"/>
    <property name="sun.java.launcher" value="SUN_STANDARD"/>
    <property name="user.country" value="ES"/>
    <property name="sun.boot.library.path" value="C:\Program Files\Java\jdk-17.0.1\bin"/>
    <property name="sun.java.command" value="C:\Users\alberto\AppData\Local\Temp\surefire15459782926069641488\surefirebooter9327689279734209329.jar C:\Users\alberto\AppData\Local\Temp\surefire15459782926069641488 2023-03-07T12-30-17_844-jvmRun1 surefire1813609765508037980tmp surefire_08235592652330009680tmp"/>
    <property name="jdk.debug" value="release"/>
    <property name="surefire.test.class.path" value="C:\Users\alberto\Desktop\mantenimientoTry\ColaDoble\target\test-classes;C:\Users\alberto\Desktop\mantenimientoTry\ColaDoble\target\classes;C:\Users\alberto\.m2\repository\org\junit\jupiter\junit-jupiter-engine\5.9.2\junit-jupiter-engine-5.9.2.jar;C:\Users\alberto\.m2\repository\org\junit\platform\junit-platform-engine\1.9.2\junit-platform-engine-1.9.2.jar;C:\Users\alberto\.m2\repository\org\opentest4j\opentest4j\1.2.0\opentest4j-1.2.0.jar;C:\Users\alberto\.m2\repository\org\junit\platform\junit-platform-commons\1.9.2\junit-platform-commons-1.9.2.jar;C:\Users\alberto\.m2\repository\org\junit\jupiter\junit-jupiter-api\5.9.2\junit-jupiter-api-5.9.2.jar;C:\Users\alberto\.m2\repository\org\apiguardian\apiguardian-api\1.1.2\apiguardian-api-1.1.2.jar;"/>
    <property name="sun.cpu.endian" value="little"/>
    <property name="user.home" value="C:\Users\alberto"/>
    <property name="user.language" value="es"/>
    <property name="java.specification.vendor" value="Oracle Corporation"/>
    <property name="java.version.date" value="2021-10-19"/>
    <property name="java.home" value="C:\Program Files\Java\jdk-17.0.1"/>
    <property name="file.separator" value="\"/>
    <property name="basedir" value="C:\Users\alberto\Desktop\mantenimientoTry\ColaDoble"/>
    <property name="java.vm.compressedOopsMode" value="Zero based"/>
    <property name="line.separator" value="&#10;"/>
    <property name="java.vm.specification.vendor" value="Oracle Corporation"/>
    <property name="java.specification.name" value="Java Platform API Specification"/>
    <property name="surefire.real.class.path" value="C:\Users\alberto\AppData\Local\Temp\surefire15459782926069641488\surefirebooter9327689279734209329.jar"/>
    <property name="user.script" value=""/>
    <property name="sun.management.compiler" value="HotSpot 64-Bit Tiered Compilers"/>
    <property name="java.runtime.version" value="17.0.1+12-LTS-39"/>
    <property name="user.name" value="alberto"/>
    <property name="path.separator" value=";"/>
    <property name="os.version" value="10.0"/>
    <property name="java.runtime.name" value="Java(TM) SE Runtime Environment"/>
    <property name="file.encoding" value="Cp1252"/>
    <property name="java.vm.name" value="Java HotSpot(TM) 64-Bit Server VM"/>
    <property name="localRepository" value="C:\Users\alberto\.m2\repository"/>
    <property name="java.vendor.url.bug" value="https://bugreport.java.com/bugreport/"/>
    <property name="java.io.tmpdir" value="C:\Users\alberto\AppData\Local\Temp\"/>
    <property name="java.version" value="17.0.1"/>
    <property name="user.dir" value="C:\Users\alberto\Desktop\mantenimientoTry\ColaDoble"/>
    <property name="os.arch" value="amd64"/>
    <property name="java.vm.specification.name" value="Java Virtual Machine Specification"/>
    <property name="sun.os.patch.level" value=""/>
    <property name="native.encoding" value="Cp1252"/>
    <property name="java.library.path" value="C:\Program Files\Java\jdk-17.0.1\bin;C:\WINDOWS\Sun\Java\bin;C:\WINDOWS\system32;C:\WINDOWS;C:\Program Files\Common Files\Oracle\Java\javapath;C:\Program Files (x86)\Common Files\Oracle\Java\javapath;C:\Program Files (x86)\Intel\iCLS Client\;C:\Program Files\Intel\iCLS Client\;C:\windows\system32;C:\windows;C:\windows\System32\Wbem;C:\windows\System32\WindowsPowerShell\v1.0\;C:\Program Files (x86)\Intel\Intel(R) Management Engine Components\DAL;C:\Program Files\Intel\Intel(R) Management Engine Components\DAL;C:\Program Files (x86)\Intel\Intel(R) Management Engine Components\IPT;C:\Program Files\Intel\Intel(R) Management Engine Components\IPT;C:\Program Files (x86)\NVIDIA Corporation\PhysX\Common;C:\WINDOWS\system32;C:\WINDOWS;C:\WINDOWS\System32\Wbem;C:\WINDOWS\System32\WindowsPowerShell\v1.0\;C:\WINDOWS\System32\OpenSSH\;C:\Program Files\Intel\WiFi\bin\;C:\Program Files\Common Files\Intel\WirelessCommon\;C:\Program Files\PuTTY\;C:\Users\alberto\AppData\Local\Microsoft\WindowsApps;C:\Users\alberto\AppData\Local\Programs\Microsoft VS Code\bin;C:\Users\alberto\AppData\Local\GitHubDesktop\bin;C:\Users\alberto\Downloads\apache-maven-3.8.7-bin\apache-maven-3.8.7\bin;C:\Users\alberto\AppData\Local\Programs\Git\cmd;."/>
    <property name="java.vm.info" value="mixed mode, sharing"/>
    <property name="java.vendor" value="Oracle Corporation"/>
    <property name="java.vm.version" value="17.0.1+12-LTS-39"/>
    <property name="sun.io.unicode.encoding" value="UnicodeLittle"/>
    <property name="java.class.version" value="61.0"/>
  </properties>
  <testcase name="listaTresElementosFirst" classname="org.mps.deque.DoublyLinkedListDequeTest" time="0.041"/>
  <testcase name="listaTresElementosLast" classname="org.mps.deque.DoublyLinkedListDequeTest" time="0"/>
  <testcase name="listaTresElementosSize" classname="org.mps.deque.DoublyLinkedListDequeTest" time="0.001"/>
  <testcase name="listaUnElementoBorrarPrimero" classname="org.mps.deque.DoublyLinkedListDequeTest" time="0.001"/>
  <testcase name="listaDosElementosDeleteLast" classname="org.mps.deque.DoublyLinkedListDequeTest" time="0.001"/>
  <testcase name="listaUnElementoAñadirAlPrincipio" classname="org.mps.deque.DoublyLinkedListDequeTest" time="0.001"/>
  <testcase name="listaVaciaBorrarUltimo" classname="org.mps.deque.DoublyLinkedListDequeTest" time="0.003"/>
  <testcase name="listaDosElementosLast" classname="org.mps.deque.DoublyLinkedListDequeTest" time="0.001"/>
  <testcase name="listaDosElementosSize" classname="org.mps.deque.DoublyLinkedListDequeTest" time="0.001"/>
  <testcase name="listaDosElementosAñadirAlPrincipio" classname="org.mps.deque.DoublyLinkedListDequeTest" time="0.001"/>
  <testcase name="listaVaciaLast" classname="org.mps.deque.DoublyLinkedListDequeTest" time="0.001"/>
  <testcase name="listaVaciaSize" classname="org.mps.deque.DoublyLinkedListDequeTest" time="0.001"/>
  <testcase name="listaVaciaBorrarPrimero" classname="org.mps.deque.DoublyLinkedListDequeTest" time="0.001"/>
  <testcase name="listaTresElementosAñadirAlFinal" classname="org.mps.deque.DoublyLinkedListDequeTest" time="0.001"/>
  <testcase name="listaUnElementoAñadirAlFinal" classname="org.mps.deque.DoublyLinkedListDequeTest" time="0.001"/>
  <testcase name="listaUnElementoBorrarUltimo" classname="org.mps.deque.DoublyLinkedListDequeTest" time="0.001"/>
  <testcase name="listaDosElementosAñadirAlFinal" classname="org.mps.deque.DoublyLinkedListDequeTest" time="0.001"/>
  <testcase name="listaDosElementosFirst" classname="org.mps.deque.DoublyLinkedListDequeTest" time="0.001"/>
  <testcase name="listaDosElementosDeleteFirst" classname="org.mps.deque.DoublyLinkedListDequeTest" time="0.001"/>
  <testcase name="listaVaciaAñadirAlFinal" classname="org.mps.deque.DoublyLinkedListDequeTest" time="0.001"/>
  <testcase name="listaUnElementoLast" classname="org.mps.deque.DoublyLinkedListDequeTest" time="0"/>
  <testcase name="listaUnElementoSize" classname="org.mps.deque.DoublyLinkedListDequeTest" time="0"/>
  <testcase name="listaVaciaAñadirAlPrincipio" classname="org.mps.deque.DoublyLinkedListDequeTest" time="0"/>
  <testcase name="listaVaciaFirst" classname="org.mps.deque.DoublyLinkedListDequeTest" time="0"/>
  <testcase name="listaTresElementosDeleteFirst" classname="org.mps.deque.DoublyLinkedListDequeTest" time="0.002"/>
  <testcase name="listaUnElementoFirst" classname="org.mps.deque.DoublyLinkedListDequeTest" time="0.001"/>
  <testcase name="listaTresElementosAñadirAlPrincipio" classname="org.mps.deque.DoublyLinkedListDequeTest" time="0"/>
  <testcase name="listaTresElementosDeleteLast" classname="org.mps.deque.DoublyLinkedListDequeTest" time="0"/>
</testsuite>